<?xml version="1.0" encoding="UTF-8"?>
<!-- Generated by org.testng.reporters.JUnitReportReporter -->
<testsuite skipped="0" hostname="LAPTOP-C4N89U9U" name="testcases.LeaveReports" tests="1" failures="0" timestamp="2020-04-11T13:46:42 IST" time="66.290" errors="0">
  <testcase name="leaveReport" time="66.290" classname="testcases.LeaveReports"/>
</testsuite> <!-- testcases.LeaveReports -->
