<?xml version="1.0" encoding="UTF-8"?>
<!-- Generated by org.testng.reporters.JUnitReportReporter -->
<testsuite skipped="0" hostname="LAPTOP-C4N89U9U" name="test.SmokeTest" tests="1" failures="0" timestamp="2020-04-08T18:15:02 IST" time="24.239" errors="0">
  <testcase name="main" time="24.239" classname="test.SmokeTest"/>
</testsuite> <!-- test.SmokeTest -->
